[19:06:54] [modloading-worker-0/INFO] ========================================
[19:06:54] [modloading-worker-0/INFO] Minecraft: 1.20.1
[19:06:54] [modloading-worker-0/INFO] Side: client
[19:06:54] [modloading-worker-0/INFO] Development: false
[19:06:54] [modloading-worker-0/INFO] Version: 12.1.785
[19:06:54] [modloading-worker-0/INFO] Loader:
[19:06:54] [modloading-worker-0/INFO] - Forge: 47.3.0
[19:06:54] [modloading-worker-0/INFO] Dependencies:
[19:06:54] [modloading-worker-0/INFO] - Cloth Config: 11.1.136
[19:06:54] [modloading-worker-0/INFO] - Architectury: 9.2.14
[19:06:54] [modloading-worker-0/INFO] Mixin: 0.8.5
[19:06:54] [modloading-worker-0/INFO] OS: Windows 11 10.0 (amd64)
[19:06:54] [modloading-worker-0/INFO] Java: 17.0.8 (Microsoft)
[19:06:54] [modloading-worker-0/INFO] ========================================
[19:06:54] [modloading-worker-0/INFO] Mods:
[19:06:54] [modloading-worker-0/INFO] - acedium: 0.2.7-beta
[19:06:54] [modloading-worker-0/INFO] - achiopt: 1.0.5
[19:06:54] [modloading-worker-0/INFO] - advancementframes: 1.20-2.2.7
[19:06:54] [modloading-worker-0/INFO] - aiimprovements: 0.5.2
[19:06:54] [modloading-worker-0/INFO] - alexscaves: 2.0.2
[19:06:54] [modloading-worker-0/INFO] - alexsdelight: 1.5
[19:06:54] [modloading-worker-0/INFO] - alexsmobs: 1.22.9
[19:06:54] [modloading-worker-0/INFO] - amendments: 1.20-1.2.16
[19:06:54] [modloading-worker-0/INFO] - appleskin: 2.5.1+mc1.20.1
[19:06:54] [modloading-worker-0/INFO] - architectury: 9.2.14
[19:06:54] [modloading-worker-0/INFO] - ars_additions: 1.20.1-1.6.7
[19:06:54] [modloading-worker-0/INFO] - ars_artifice: 1.20.1-2.0.4
[19:06:54] [modloading-worker-0/INFO] - ars_creo: 4.1.0
[19:06:54] [modloading-worker-0/INFO] - ars_elemental: 0.6.7.7
[19:06:54] [modloading-worker-0/INFO] - ars_nouveau: 4.12.6
[19:06:54] [modloading-worker-0/INFO] - ars_technica: 1.20.1-1.3.0
[19:06:54] [modloading-worker-0/INFO] - arsdelight: 1.1.2
[19:06:54] [modloading-worker-0/INFO] - arsnouveaudelight: 1.1.1-1.20.1
[19:06:54] [modloading-worker-0/INFO] - artifacts: 9.5.13
[19:06:54] [modloading-worker-0/INFO] - athena: 3.1.2
[19:06:54] [modloading-worker-0/INFO] - automodpack: 4.0.0-beta22
[19:06:54] [modloading-worker-0/INFO] - balm: 7.3.14
[19:06:54] [modloading-worker-0/INFO] - baubly: 1.0.1
[19:06:54] [modloading-worker-0/INFO] - bcc: 4.0.8
[19:06:54] [modloading-worker-0/INFO] - bellsandwhistles: 0.4.3-1.20.x
[19:06:54] [modloading-worker-0/INFO] - betteradvancements: 0.4.2.25
[19:06:54] [modloading-worker-0/INFO] - betterchunkloading: 1.20.1-5.3
[19:06:54] [modloading-worker-0/INFO] - betterdeserttemples: 1.20-Forge-3.0.3
[19:06:54] [modloading-worker-0/INFO] - betterdungeons: 1.20-Forge-4.0.4
[19:06:54] [modloading-worker-0/INFO] - betterendcities: 1.0.0-1.20.1
[19:06:54] [modloading-worker-0/INFO] - betterendisland: 1.20-Forge-2.0.6
[19:06:54] [modloading-worker-0/INFO] - betterf3: 7.0.2
[19:06:54] [modloading-worker-0/INFO] - betterfortresses: 1.20-Forge-2.0.6
[19:06:54] [modloading-worker-0/INFO] - betterfpsdist: 1.20.1-6.0
[19:06:54] [modloading-worker-0/INFO] - betterjungletemples: 1.20-Forge-2.0.5
[19:06:54] [modloading-worker-0/INFO] - bettermineshafts: 1.20-Forge-4.0.4
[19:06:54] [modloading-worker-0/INFO] - betteroceanmonuments: 1.20-Forge-3.0.4
[19:06:54] [modloading-worker-0/INFO] - betterstrongholds: 1.20-Forge-4.0.3
[19:06:54] [modloading-worker-0/INFO] - betterwitchhuts: 1.20-Forge-3.0.3
[19:06:54] [modloading-worker-0/INFO] - biomeswevegone: 1.5.4
[19:06:54] [modloading-worker-0/INFO] - blueprint: 7.1.1
[19:06:54] [modloading-worker-0/INFO] - bookshelf: 20.2.13
[19:06:54] [modloading-worker-0/INFO] - botarium: 2.3.4
[19:06:54] [modloading-worker-0/INFO] - buzzier_bees: 6.0.1
[19:06:54] [modloading-worker-0/INFO] - caelus: 3.2.0+1.20.1
[19:06:54] [modloading-worker-0/INFO] - catalogue: 1.8.0
[19:06:54] [modloading-worker-0/INFO] - chat_heads: 0.13.13
[19:06:54] [modloading-worker-0/INFO] - chisel: 1.8.0
[19:06:54] [modloading-worker-0/INFO] - chunksending: 1.20.1-2.8
[19:06:54] [modloading-worker-0/INFO] - citadel: 2.6.1
[19:06:54] [modloading-worker-0/INFO] - cleanswing: 1.8
[19:06:54] [modloading-worker-0/INFO] - clientcrafting: 1.20.1-1.8
[19:06:54] [modloading-worker-0/INFO] - cloth_config: 11.1.136
[19:06:54] [modloading-worker-0/INFO] - clumps: 12.0.0.4
[19:06:54] [modloading-worker-0/INFO] - cobweb: 1.0.1
[19:06:54] [modloading-worker-0/INFO] - codechickenlib: 4.4.0.516
[19:06:54] [modloading-worker-0/INFO] - comforts: 6.4.0+1.20.1
[19:06:54] [modloading-worker-0/INFO] - configured: 2.2.3
[19:06:54] [modloading-worker-0/INFO] - connectedglass: 1.1.12
[19:06:54] [modloading-worker-0/INFO] - connectivity: 1.20.1-6.8
[19:06:54] [modloading-worker-0/INFO] - controlling: 12.0.2
[19:06:54] [modloading-worker-0/INFO] - copycats: 2.2.0+mc.1.20.1-forge
[19:06:54] [modloading-worker-0/INFO] - corgilib: 4.0.3.3
[19:06:54] [modloading-worker-0/INFO] - corn_delight: 1.1.6-1.20.1
[19:06:54] [modloading-worker-0/INFO] - coroutil: 1.20.1-1.3.7
[19:06:54] [modloading-worker-0/INFO] - corpse: 1.20.1-1.0.20
[19:06:54] [modloading-worker-0/INFO] - cosmeticarmorreworked: 1.20.1-v1a
[19:06:54] [modloading-worker-0/INFO] - cpm: 0.6.20a
[19:06:54] [modloading-worker-0/INFO] - cpmsvcc: 1.2.1
[19:06:54] [modloading-worker-0/INFO] - crabbersdelight: 1.1.7d
[19:06:54] [modloading-worker-0/INFO] - create: 0.5.1.j
[19:06:54] [modloading-worker-0/INFO] - create_central_kitchen: 1.3.12
[19:06:54] [modloading-worker-0/INFO] - create_confectionery: 1.1.0
[19:06:54] [modloading-worker-0/INFO] - create_connected: 0.9.4-mc1.20.1
[19:06:54] [modloading-worker-0/INFO] - create_dd: 0.1b.Release-Early-Dev
[19:06:54] [modloading-worker-0/INFO] - create_dragon_lib: 1.4.3
[19:06:54] [modloading-worker-0/INFO] - create_enchantment_industry: 1.2.9.d
[19:06:54] [modloading-worker-0/INFO] - create_power_loader: 1.5.0-mc1.20.1
[19:06:54] [modloading-worker-0/INFO] - create_questing: 1.0.0
[19:06:54] [modloading-worker-0/INFO] - createaddition: 1.20.1-1.2.5
[19:06:54] [modloading-worker-0/INFO] - createcafe: 1.2.4-1.20.1
[19:06:54] [modloading-worker-0/INFO] - createcasing: 1.20.1-1.6.2-fix1
[19:06:54] [modloading-worker-0/INFO] - createdeco: 2.0.2-1.20.1-forge
[19:06:54] [modloading-worker-0/INFO] - creativecore: 2.12.31
[19:06:54] [modloading-worker-0/INFO] - critter_lib: 0.1-beta.14
[19:06:54] [modloading-worker-0/INFO] - crystal_clear: 2.1-Beta
[19:06:54] [modloading-worker-0/INFO] - cupboard: 1.20.1-2.7
[19:06:54] [modloading-worker-0/INFO] - curios: 5.11.1+1.20.1
[19:06:54] [modloading-worker-0/INFO] - customstartinggear: 2.0.3
[19:06:54] [modloading-worker-0/INFO] - dcintegration: 3.0.7.1
[19:06:54] [modloading-worker-0/INFO] - defaultoptions: 18.0.1
[19:06:54] [modloading-worker-0/INFO] - delightful: 3.7
[19:06:54] [modloading-worker-0/INFO] - delightfulburgers: 1.20.1
[19:06:54] [modloading-worker-0/INFO] - delightfulsandwich: 1.20.1
[19:06:54] [modloading-worker-0/INFO] - disenchanting_table: 3.1.0
[19:06:54] [modloading-worker-0/INFO] - drippyloadingscreen: 3.0.9
[19:06:54] [modloading-worker-0/INFO] - dummmmmmy: 1.20-2.0.2
[19:06:54] [modloading-worker-0/INFO] - dye_depot: 1.20.1-1.0.0
[19:06:54] [modloading-worker-0/INFO] - dye_the_world: 1.1.2
[19:06:54] [modloading-worker-0/INFO] - effortlessbuilding: 3.9
[19:06:54] [modloading-worker-0/INFO] - embeddium: 0.3.31+mc1.20.1
[19:06:54] [modloading-worker-0/INFO] - embeddium_extra: 0.5.4.4+mc1.20.1-build.131
[19:06:54] [modloading-worker-0/INFO] - embeddiumplus: 1.2.13
[19:06:54] [modloading-worker-0/INFO] - emojiful: 4.2.0
[19:06:54] [modloading-worker-0/INFO] - enchdesc: 17.1.19
[19:06:54] [modloading-worker-0/INFO] - endergetic: 5.0.1
[19:06:54] [modloading-worker-0/INFO] - enderstorage: 2.11.0.188
[19:06:54] [modloading-worker-0/INFO] - ends_delight: 2.5
[19:06:54] [modloading-worker-0/INFO] - entityculling: 1.7.2
[19:06:54] [modloading-worker-0/INFO] - estrogen: 4.3.2+1.20.1-forge
[19:06:54] [modloading-worker-0/INFO] - expandability: 9.0.4
[19:06:54] [modloading-worker-0/INFO] - fabric_api_base: 0.4.31+ef105b4977
[19:06:54] [modloading-worker-0/INFO] - fabric_renderer_api_v1: 3.2.1+1d29b44577
[19:06:54] [modloading-worker-0/INFO] - fabric_renderer_indigo: 1.5.2+b5b2da4177
[19:06:54] [modloading-worker-0/INFO] - fabrication: 3.5.6+1.20
[19:06:54] [modloading-worker-0/INFO] - fancymenu: 3.4.0
[19:06:54] [modloading-worker-0/INFO] - farmersdelight: 1.20.1-1.2.7
[19:06:54] [modloading-worker-0/INFO] - fastasyncworldsave: 1.20.1-2.3
[19:06:54] [modloading-worker-0/INFO] - fastbench: 8.0.4
[19:06:54] [modloading-worker-0/INFO] - fastfurnace: 8.0.2
[19:06:54] [modloading-worker-0/INFO] - fastleafdecay: 32
[19:06:54] [modloading-worker-0/INFO] - fastsuite: 5.0.1
[19:06:54] [modloading-worker-0/INFO] - ferritecore: 6.0.1
[19:06:54] [modloading-worker-0/INFO] - flywheel: 0.6.11-13
[19:06:54] [modloading-worker-0/INFO] - forge: 47.3.0
[19:06:54] [modloading-worker-0/INFO] - framework: 0.7.12
[19:06:54] [modloading-worker-0/INFO] - ftblibrary: 2001.2.9
[19:06:54] [modloading-worker-0/INFO] - ftbqoptimizer: 2.0.5-1.20.1
[19:06:54] [modloading-worker-0/INFO] - ftbquests: 2001.4.11
[19:06:54] [modloading-worker-0/INFO] - ftbteams: 2001.3.1
[19:06:54] [modloading-worker-0/INFO] - fusion: 1.2.3
[19:06:54] [modloading-worker-0/INFO] - geckoanimfix: 1.0.0
[19:06:54] [modloading-worker-0/INFO] - geckolib: 4.7
[19:06:54] [modloading-worker-0/INFO] - gpumemleakfix: 1.20.1-1.8
[19:06:54] [modloading-worker-0/INFO] - hammerlib: 20.1.48
[19:06:54] [modloading-worker-0/INFO] - harvest_with_ease: 9.4.0
[19:06:54] [modloading-worker-0/INFO] - hourglass: 1.2.1.1
[19:06:54] [modloading-worker-0/INFO] - immediatelyfast: 1.3.4+1.20.4
[19:06:54] [modloading-worker-0/INFO] - interiors: 0.5.6
[19:06:54] [modloading-worker-0/INFO] - inventoryhud: 3.4.26
[19:06:54] [modloading-worker-0/INFO] - inventorysorter: 23.0.8
[19:06:54] [modloading-worker-0/INFO] - irisflw: 1.1.4
[19:06:54] [modloading-worker-0/INFO] - irons_spellbooks: 1.20.1-3.4.0.7
[19:06:54] [modloading-worker-0/INFO] - ironsspellsartifacts: 1.0.2.1-1.20.1
[19:06:54] [modloading-worker-0/INFO] - ironsspellsdelight: 1.1.1.1-1.20.1
[19:06:54] [modloading-worker-0/INFO] - jade: 11.12.3+forge
[19:06:54] [modloading-worker-0/INFO] - jadeaddons: 5.3.1+forge
[19:06:54] [modloading-worker-0/INFO] - jei: 15.9999
[19:06:54] [modloading-worker-0/INFO] - jukeboxfix: 1.0.1
[19:06:54] [modloading-worker-0/INFO] - justzoom: 2.0.0
[19:06:54] [modloading-worker-0/INFO] - kiwi: 11.8.29+forge
[19:06:54] [modloading-worker-0/INFO] - konkrete: 1.8.0
[19:06:54] [modloading-worker-0/INFO] - kotlinforforge: 4.11.0
[19:06:54] [modloading-worker-0/INFO] - krypton: 0.2.3
[19:06:54] [modloading-worker-0/INFO] - ksyxis: 1.3.2
[19:06:54] [modloading-worker-0/INFO] - kubejs: 2001.6.5-build.16
[19:06:54] [modloading-worker-0/INFO] - kubejs_create: 2001.2.5-build.2
[19:06:54] [modloading-worker-0/INFO] - kubejsadditions: 4.3.3
[19:06:54] [modloading-worker-0/INFO] - kubejsarsnouveau: 1.2.2
[19:06:54] [modloading-worker-0/INFO] - kubejsdelight: 1.1.2
[19:06:54] [modloading-worker-0/INFO] - kuma_api: 20.1.9-SNAPSHOT
[19:06:54] [modloading-worker-0/INFO] - l2library: 2.4.29
[19:06:54] [modloading-worker-0/INFO] - leaky: 1.20.1-2.1
[19:06:54] [modloading-worker-0/INFO] - libx: 1.20.1-5.0.14
[19:06:54] [modloading-worker-0/INFO] - limitedchunks: 1.8
[19:06:54] [modloading-worker-0/INFO] - lootjs: 1.20.1-2.12.0
[19:06:54] [modloading-worker-0/INFO] - lootr: 0.7.35.90
[19:06:54] [modloading-worker-0/INFO] - markdown_manual: 1.2.5+c3f0b88
[19:06:54] [modloading-worker-0/INFO] - measurements: 2.0.0
[19:06:54] [modloading-worker-0/INFO] - melody: 1.0.2
[19:06:54] [modloading-worker-0/INFO] - minecraft: 1.20.1
[19:06:54] [modloading-worker-0/INFO] - mixinextras: 0.4.1
[19:06:54] [modloading-worker-0/INFO] - mixinsquared: 0.1.1
[19:06:54] [modloading-worker-0/INFO] - modernfix: 5.20.2+mc1.20.1
[19:06:54] [modloading-worker-0/INFO] - monolib: 2.0.0
[19:06:54] [modloading-worker-0/INFO] - moonlight: 1.20-2.13.58
[19:06:54] [modloading-worker-0/INFO] - moreminecarts: 1.8.3
[19:06:54] [modloading-worker-0/INFO] - moreoverlays: 1.22.7-mc1.20.2
[19:06:54] [modloading-worker-0/INFO] - mousetweaks: 2.25.1
[19:06:54] [modloading-worker-0/INFO] - mysterious_mountain_lib: 1.5.17-1.20.1
[19:06:54] [modloading-worker-0/INFO] - naturescompass: 1.20.1-1.11.2-forge
[19:06:54] [modloading-worker-0/INFO] - nebs: 2.0.2
[19:06:54] [modloading-worker-0/INFO] - necronomicon: 1.6.0
[19:06:54] [modloading-worker-0/INFO] - nethersdelight: 1.20.1-4.0
[19:06:54] [modloading-worker-0/INFO] - notenoughanimations: 1.9.0
[19:06:54] [modloading-worker-0/INFO] - nullscape: 1.2.8
[19:06:54] [modloading-worker-0/INFO] - nvidium: 0.2.7-beta
[19:06:54] [modloading-worker-0/INFO] - oc2r: 1.1.0
[19:06:54] [modloading-worker-0/INFO] - oceansdelight: 1.0.2-1.20
[19:06:54] [modloading-worker-0/INFO] - oculus: 1.8.0
[19:06:54] [modloading-worker-0/INFO] - ohthetreesyoullgrow: 1.20.1-1.3.4
[19:06:54] [modloading-worker-0/INFO] - onlinedisplays: 20.1.1
[19:06:54] [modloading-worker-0/INFO] - outer_end: 1.0.8
[19:06:54] [modloading-worker-0/INFO] - packetfixer: 1.4.5
[19:06:54] [modloading-worker-0/INFO] - panoramica: 1.2.1
[19:06:54] [modloading-worker-0/INFO] - patchouli: 1.20.1-84.1-FORGE
[19:06:54] [modloading-worker-0/INFO] - placebo: 8.6.2
[19:06:54] [modloading-worker-0/INFO] - playeranimator: 1.0.2-rc1+1.20
[19:06:54] [modloading-worker-0/INFO] - polymorph: 0.49.8+1.20.1
[19:06:54] [modloading-worker-0/INFO] - ponderjs: 1.4.0
[19:06:54] [modloading-worker-0/INFO] - puzzlesaccessapi: 8.0.7
[19:06:54] [modloading-worker-0/INFO] - puzzlesapi: 8.1.4
[19:06:54] [modloading-worker-0/INFO] - puzzleslib: 8.1.25
[19:06:54] [modloading-worker-0/INFO] - questsadditions: 1.4.7
[19:06:54] [modloading-worker-0/INFO] - radium: 0.12.4+git.26c9d8e
[19:06:54] [modloading-worker-0/INFO] - railways: 1.6.7+forge-mc1.20.1
[19:06:54] [modloading-worker-0/INFO] - rebornstorage: 5.0.7
[19:06:54] [modloading-worker-0/INFO] - rechiseled: 1.1.6
[19:06:54] [modloading-worker-0/INFO] - rechiseledcreate: 1.0.2
[19:06:54] [modloading-worker-0/INFO] - recipeessentials: 1.20.1-4.0
[19:06:54] [modloading-worker-0/INFO] - redstonepen: 1.3.33
[19:06:54] [modloading-worker-0/INFO] - refinedpolymorph: 0.1.1-1.20.1
[19:06:54] [modloading-worker-0/INFO] - refinedstorage: 1.12.4
[19:06:54] [modloading-worker-0/INFO] - refinedstorageaddons: 0.10.0
[19:06:54] [modloading-worker-0/INFO] - refurbished_furniture: 1.0.8
[19:06:54] [modloading-worker-0/INFO] - rei_plugin_compatibilities: 12.0.93
[19:06:54] [modloading-worker-0/INFO] - resourcefullib: 2.1.29
[19:06:54] [modloading-worker-0/INFO] - rhino: 2001.2.3-build.6
[19:06:54] [modloading-worker-0/INFO] - roughlyenoughitems: 12.1.785
[19:06:54] [modloading-worker-0/INFO] - roughlyenoughprofessions: 2.0.2
[19:06:54] [modloading-worker-0/INFO] - roughlyenoughresources: 2.9.0
[19:06:54] [modloading-worker-0/INFO] - rsrequestify: 2.3.3
[19:06:54] [modloading-worker-0/INFO] - rubidium: 0.7.1
[19:06:54] [modloading-worker-0/INFO] - saturn: 0.1.3
[19:06:54] [modloading-worker-0/INFO] - searchables: 1.0.3
[19:06:54] [modloading-worker-0/INFO] - sedna: 1.0.15
[19:06:54] [modloading-worker-0/INFO] - showcaseitem: 1.20.1-1.2
[19:06:54] [modloading-worker-0/INFO] - sliceanddice: 3.3.0
[19:06:54] [modloading-worker-0/INFO] - smoothchunk: 1.20.1-4.0
[19:06:54] [modloading-worker-0/INFO] - snowrealmagic: 10.6.0
[19:06:54] [modloading-worker-0/INFO] - sodiumdynamiclights: 1.0.9
[19:06:54] [modloading-worker-0/INFO] - sodiumoptionsapi: 1.0.10
[19:06:54] [modloading-worker-0/INFO] - solcarrot: 1.15.1
[19:06:54] [modloading-worker-0/INFO] - sophisticatedbackpacks: 3.23.4.1193
[19:06:54] [modloading-worker-0/INFO] - sophisticatedcore: 1.2.6.858
[19:06:54] [modloading-worker-0/INFO] - sound_physics_remastered: 1.20.1-1.4.8
[19:06:54] [modloading-worker-0/INFO] - spectrelib: 0.13.17+1.20.1
[19:06:54] [modloading-worker-0/INFO] - starlight: 1.1.2+forge.1cda73c
[19:06:54] [modloading-worker-0/INFO] - storagedelight: 24.12.15-1.20-forge
[19:06:54] [modloading-worker-0/INFO] - storagedrawers: 12.9.13
[19:06:54] [modloading-worker-0/INFO] - storagedrawersextra: 12.0.4
[19:06:54] [modloading-worker-0/INFO] - strawstatues: 8.0.3
[19:06:54] [modloading-worker-0/INFO] - structureessentials: 1.20.1-4.2
[19:06:54] [modloading-worker-0/INFO] - sugar_cane_fix: 1.4.0
[19:06:54] [modloading-worker-0/INFO] - supermartijn642configlib: 1.1.8
[19:06:54] [modloading-worker-0/INFO] - supermartijn642corelib: 1.1.18
[19:06:54] [modloading-worker-0/INFO] - supplementaries: 1.20-3.1.13
[19:06:54] [modloading-worker-0/INFO] - suppsquared: 1.20-1.1.18
[19:06:54] [modloading-worker-0/INFO] - terrablender: 3.0.1.7
[19:06:54] [modloading-worker-0/INFO] - tinygates: 1.20-4.0.0
[19:06:54] [modloading-worker-0/INFO] - tinyredstone: 1.20-5.0.3
[19:06:54] [modloading-worker-0/INFO] - torchmaster: 20.1.9
[19:06:54] [modloading-worker-0/INFO] - trashslot: 15.1.1
[19:06:54] [modloading-worker-0/INFO] - vivecraft: 1.20.1-1.2.4
[19:06:54] [modloading-worker-0/INFO] - vivecraftcompat: 1.4.2
[19:06:54] [modloading-worker-0/INFO] - voicechat: 1.20.1-2.5.27
[19:06:54] [modloading-worker-0/INFO] - watut: 1.20.1-1.1.3
[19:06:54] [modloading-worker-0/INFO] - xaerominimap: 25.0.0
[19:06:54] [modloading-worker-0/INFO] - xaeroworldmap: 1.39.2
[19:06:54] [modloading-worker-0/INFO] - yungsapi: 1.20-Forge-4.0.6
[19:06:54] [modloading-worker-0/INFO] - yungsextras: 1.20-Forge-4.0.3
[19:06:54] [modloading-worker-0/INFO] ========================================
[19:06:54] [modloading-worker-0/DEBUG] [REI] Added filtering rule [roughlyenoughitems:search]: INSTANCE
[19:06:54] [modloading-worker-0/DEBUG] [REI] Added filtering rule [roughlyenoughitems:manual]: INSTANCE
[19:06:54] [modloading-worker-0/DEBUG] [REI] Added filtering rule [roughlyenoughitems:basic]: INSTANCE
[19:06:54] [modloading-worker-0/INFO] [REI] Config loaded
[19:06:54] [modloading-worker-0/DEBUG] [REI] Config saved
[19:06:54] [modloading-worker-0/DEBUG] [REI] Config saved
[19:06:54] [modloading-worker-0/DEBUG] [REI] Config saved
[19:06:54] [modloading-worker-0/INFO] [REI] Registered plugin provider REIForgePluginStub [ftblibrary] for REIPlugin
[19:06:54] [modloading-worker-0/INFO] [REI] Registered plugin provider PluginEntryForge [roughlyenoughresources] for REIPlugin
[19:06:54] [modloading-worker-0/INFO] [REI] Registered plugin provider REPClientPlugin [roughlyenoughprofessions] for REIPlugin
[19:06:54] [modloading-worker-0/INFO] [REI] Registered plugin provider REI Plugin Compatibilities Client Handler [rei_plugin_compatibilities, jei] for REIPlugin
[19:06:54] [modloading-worker-0/INFO] [REI] Registered plugin provider REICompat [supplementaries] for REIPlugin
[19:06:54] [modloading-worker-0/INFO] [REI] Registered plugin provider ReiPlugin [createcasing] for REIPlugin
[19:06:54] [modloading-worker-0/INFO] [REI] Registered plugin provider REIForgePluginStub [kubejs] for REIPlugin
[19:06:54] [modloading-worker-0/INFO] [REI] Registered plugin provider REI Plugin Compatibilities Adapter [rei_plugin_compatibilities, jei] for REIPlugin
[19:06:54] [modloading-worker-0/INFO] [REI] Registered plugin provider DefaultPluginImpl [roughlyenoughitems] for REIServerPlugin
[19:06:54] [modloading-worker-0/INFO] [REI] Registered plugin provider DefaultPluginImpl [roughlyenoughitems] for REIPlugin
[19:06:54] [modloading-worker-0/INFO] [REI] Registered plugin provider DefaultRuntimePlugin [roughlyenoughitems] for REIServerPlugin
[19:06:54] [modloading-worker-0/INFO] [REI] Registered plugin provider DefaultRuntimePlugin [roughlyenoughitems] for REIPlugin
[19:06:54] [modloading-worker-0/INFO] [REI] Registered plugin provider REI Plugin Compatibilities Adapter [rei_plugin_compatibilities, jei] for REIServerPlugin
[19:06:55] [modloading-worker-0/INFO] [REI] Registered plugin provider DefaultClientPluginImpl [roughlyenoughitems] for REIClientPlugin
[19:06:55] [modloading-worker-0/INFO] [REI] Registered plugin provider DefaultClientPluginImpl [roughlyenoughitems] for REIPlugin
[19:06:55] [modloading-worker-0/INFO] [REI] Registered plugin provider DefaultClientRuntimePlugin [roughlyenoughitems] for REIClientPlugin
[19:06:55] [modloading-worker-0/INFO] [REI] Registered plugin provider DefaultClientRuntimePlugin [roughlyenoughitems] for REIPlugin
[19:06:55] [modloading-worker-0/DEBUG] [REI] Added filtering rule [roughlyenoughitems:hidden_from_recipe_viewers]: INSTANCE
[19:06:55] [modloading-worker-0/INFO] [REI] Registered plugin provider HideIngredientsFromTagsPlugin [roughlyenoughitems] for REIClientPlugin
[19:06:55] [modloading-worker-0/INFO] [REI] Registered plugin provider HideIngredientsFromTagsPlugin [roughlyenoughitems] for REIPlugin
[19:06:55] [modloading-worker-0/INFO] [REI] Registered plugin provider REIForgePluginStub [ftblibrary] for REIClientPlugin
[19:06:55] [modloading-worker-0/INFO] [REI] Registered plugin provider PluginEntryForge [roughlyenoughresources] for REIClientPlugin
[19:06:55] [modloading-worker-0/INFO] [REI] Registered plugin provider REPClientPlugin [roughlyenoughprofessions] for REIClientPlugin
[19:06:55] [modloading-worker-0/INFO] [REI] Registered plugin provider REI Plugin Compatibilities Client Handler [rei_plugin_compatibilities, jei] for REIClientPlugin
[19:06:55] [modloading-worker-0/INFO] [REI] Registered plugin provider REICompat [supplementaries] for REIClientPlugin
[19:06:55] [modloading-worker-0/INFO] [REI] Registered plugin provider ReiPlugin [createcasing] for REIClientPlugin
[19:06:55] [modloading-worker-0/INFO] [REI] Registered plugin provider REIForgePluginStub [kubejs] for REIClientPlugin
[19:06:55] [modloading-worker-0/INFO] [REI] Registered plugin provider REI Plugin Compatibilities Adapter [rei_plugin_compatibilities, jei] for REIClientPlugin
